;  LST file generated by mikroListExporter - v.2.0 
; Date/Time: 19/08/2025 07:52:12 p. m.
;----------------------------------------------

;Address Opcode 	ASM
0x0000	0x2803      	GOTO       3
_main:
;Practica1.c,1 :: 		void main(){
;Practica1.c,3 :: 		ADCON1 = 0x07;
0x0003	0x3007      	MOVLW      7
0x0004	0x1683      	BSF        STATUS, 5
0x0005	0x1303      	BCF        STATUS, 6
0x0006	0x009F      	MOVWF      ADCON1
;Practica1.c,4 :: 		CMCON  = 7;
0x0007	0x3007      	MOVLW      7
0x0008	0x009C      	MOVWF      CMCON
;Practica1.c,6 :: 		TRISB=0;
0x0009	0x0186      	CLRF       TRISB
;Practica1.c,7 :: 		TRISC=0; //Configura todo el puerto (RC0, RC1, RC2, RC3, RC4, RC5, RC6 y RC7) C como Salida
0x000A	0x0187      	CLRF       TRISC
;Practica1.c,8 :: 		TRISD=0;
0x000B	0x0188      	CLRF       TRISD
;Practica1.c,9 :: 		TRISA=0;
0x000C	0x0185      	CLRF       TRISA
;Practica1.c,15 :: 		PORTC=0; // Manda un 0 lógico (LOW) a todos los pines del puerto C. en otras palabras apaga todo el puerto.
0x000D	0x1283      	BCF        STATUS, 5
0x000E	0x0187      	CLRF       PORTC
;Practica1.c,16 :: 		PORTB=0;
0x000F	0x0186      	CLRF       PORTB
;Practica1.c,17 :: 		PORTD=0;
0x0010	0x0188      	CLRF       PORTD
;Practica1.c,18 :: 		PORTA=0;
0x0011	0x0185      	CLRF       PORTA
;Practica1.c,27 :: 		while(1){                 //Inicia un ciclo infinito
L_main0:
;Practica1.c,30 :: 		PORTB=~PORTB;
0x0012	0x0986      	COMF       PORTB, 1
;Practica1.c,31 :: 		PORTC=~PORTC;    // "~" Invierte el valor del puerto completo: si está apagado lo enciende; si esta encendido lo apaga.
0x0013	0x0987      	COMF       PORTC, 1
;Practica1.c,32 :: 		PORTD=~PORTD;
0x0014	0x0988      	COMF       PORTD, 1
;Practica1.c,33 :: 		PORTA=~PORTA;
0x0015	0x0985      	COMF       PORTA, 1
;Practica1.c,34 :: 		Delay_ms(1000);
0x0016	0x3015      	MOVLW      21
0x0017	0x00FB      	MOVWF      R11
0x0018	0x304B      	MOVLW      75
0x0019	0x00FC      	MOVWF      R12
0x001A	0x30BE      	MOVLW      190
0x001B	0x00FD      	MOVWF      R13
L_main2:
0x001C	0x0BFD      	DECFSZ     R13, 1
0x001D	0x281C      	GOTO       L_main2
0x001E	0x0BFC      	DECFSZ     R12, 1
0x001F	0x281C      	GOTO       L_main2
0x0020	0x0BFB      	DECFSZ     R11, 1
0x0021	0x281C      	GOTO       L_main2
0x0022	0x0000      	NOP
;Practica1.c,37 :: 		}
0x0023	0x2812      	GOTO       L_main0
;Practica1.c,38 :: 		}
L_end_main:
0x0024	0x2824      	GOTO       $+0
; end of _main
Symbol List:
//** Routines locations **
//ADDRESS    SIZE    PROCEDURE
//----------------------------------------------
0x0003      [34]    _main
//** Variables locations ** 
//ADDRESS    SIZE    VARIABLE
//----------------------------------------------
0x0000       [1]    INDF
0x0003       [1]    STATUS
0x0004       [1]    FSR
0x0005       [1]    PORTA
0x0006       [1]    PORTB
0x0007       [1]    PORTC
0x0008       [1]    PORTD
0x000A       [1]    PCLATH
0x0020       [2]    ___DoICPAddr
0x0070       [1]    R0
0x0071       [1]    R1
0x0072       [1]    R2
0x0073       [1]    R3
0x0074       [1]    R4
0x0075       [1]    R5
0x0076       [1]    R6
0x0077       [1]    R7
0x0078       [1]    R8
0x0079       [1]    R9
0x007A       [1]    R10
0x007B       [1]    R11
0x007C       [1]    R12
0x007D       [1]    R13
0x007E       [1]    R14
0x007F       [1]    R15
0x0085       [1]    TRISA
0x0086       [1]    TRISB
0x0087       [1]    TRISC
0x0088       [1]    TRISD
0x009C       [1]    CMCON
0x009F       [1]    ADCON1
