;  LST file generated by mikroListExporter - v.2.0 
; Date/Time: 19/08/2025 08:04:27 p. m.
;----------------------------------------------

;Address Opcode 	ASM
0x0000	0x2803      	GOTO       3
_main:
;Practica2.c,1 :: 		void main(){
;Practica2.c,5 :: 		TRISC=0; //Configura todo el puerto C (RC0, RC1, RC2, RC3, RC4, RC5, RC6 y RC7) como Salida
0x0003	0x1683      	BSF        STATUS, 5
0x0004	0x1303      	BCF        STATUS, 6
0x0005	0x0187      	CLRF       TRISC
;Practica2.c,13 :: 		PORTC=0;                  //Apaga todo el puerto C
0x0006	0x1283      	BCF        STATUS, 5
0x0007	0x0187      	CLRF       PORTC
;Practica2.c,17 :: 		PORTC.F0=1;               // Manda un 1 lógico (HIGH) únicamente al pin RC0
0x0008	0x1407      	BSF        PORTC, 0
;Practica2.c,23 :: 		Delay_ms(5000);           //Espera 5 segundos
0x0009	0x3066      	MOVLW      102
0x000A	0x00FB      	MOVWF      R11
0x000B	0x3076      	MOVLW      118
0x000C	0x00FC      	MOVWF      R12
0x000D	0x30C1      	MOVLW      193
0x000E	0x00FD      	MOVWF      R13
L_main0:
0x000F	0x0BFD      	DECFSZ     R13, 1
0x0010	0x280F      	GOTO       L_main0
0x0011	0x0BFC      	DECFSZ     R12, 1
0x0012	0x280F      	GOTO       L_main0
0x0013	0x0BFB      	DECFSZ     R11, 1
0x0014	0x280F      	GOTO       L_main0
;Practica2.c,27 :: 		while(1){                 //Inicia un ciclo infinito
L_main1:
;Practica2.c,31 :: 		PORTC.F0=1;
0x0015	0x1407      	BSF        PORTC, 0
;Practica2.c,33 :: 		PORTC.F1=0;
0x0016	0x1087      	BCF        PORTC, 1
;Practica2.c,35 :: 		PORTC.F2=1;
0x0017	0x1507      	BSF        PORTC, 2
;Practica2.c,37 :: 		PORTC.F3=0;
0x0018	0x1187      	BCF        PORTC, 3
;Practica2.c,39 :: 		PORTC.F4=1;
0x0019	0x1607      	BSF        PORTC, 4
;Practica2.c,41 :: 		PORTC.F5=0;
0x001A	0x1287      	BCF        PORTC, 5
;Practica2.c,43 :: 		PORTC.F6=1;
0x001B	0x1707      	BSF        PORTC, 6
;Practica2.c,45 :: 		PORTC.F7=0;
0x001C	0x1387      	BCF        PORTC, 7
;Practica2.c,55 :: 		Delay_ms(1000);        // Espera 1 Segundo
0x001D	0x3015      	MOVLW      21
0x001E	0x00FB      	MOVWF      R11
0x001F	0x304B      	MOVLW      75
0x0020	0x00FC      	MOVWF      R12
0x0021	0x30BE      	MOVLW      190
0x0022	0x00FD      	MOVWF      R13
L_main3:
0x0023	0x0BFD      	DECFSZ     R13, 1
0x0024	0x2823      	GOTO       L_main3
0x0025	0x0BFC      	DECFSZ     R12, 1
0x0026	0x2823      	GOTO       L_main3
0x0027	0x0BFB      	DECFSZ     R11, 1
0x0028	0x2823      	GOTO       L_main3
0x0029	0x0000      	NOP
;Practica2.c,57 :: 		PORTC.F0=0;
0x002A	0x1007      	BCF        PORTC, 0
;Practica2.c,59 :: 		PORTC.F1=1;
0x002B	0x1487      	BSF        PORTC, 1
;Practica2.c,61 :: 		PORTC.F2=0;
0x002C	0x1107      	BCF        PORTC, 2
;Practica2.c,63 :: 		PORTC.F3=1;
0x002D	0x1587      	BSF        PORTC, 3
;Practica2.c,65 :: 		PORTC.F4=0;
0x002E	0x1207      	BCF        PORTC, 4
;Practica2.c,67 :: 		PORTC.F5=1;
0x002F	0x1687      	BSF        PORTC, 5
;Practica2.c,69 :: 		PORTC.F6=0;
0x0030	0x1307      	BCF        PORTC, 6
;Practica2.c,71 :: 		PORTC.F7=1;
0x0031	0x1787      	BSF        PORTC, 7
;Practica2.c,81 :: 		Delay_ms(1000);        // Espera un segundo
0x0032	0x3015      	MOVLW      21
0x0033	0x00FB      	MOVWF      R11
0x0034	0x304B      	MOVLW      75
0x0035	0x00FC      	MOVWF      R12
0x0036	0x30BE      	MOVLW      190
0x0037	0x00FD      	MOVWF      R13
L_main4:
0x0038	0x0BFD      	DECFSZ     R13, 1
0x0039	0x2838      	GOTO       L_main4
0x003A	0x0BFC      	DECFSZ     R12, 1
0x003B	0x2838      	GOTO       L_main4
0x003C	0x0BFB      	DECFSZ     R11, 1
0x003D	0x2838      	GOTO       L_main4
0x003E	0x0000      	NOP
;Practica2.c,85 :: 		}
0x003F	0x2815      	GOTO       L_main1
;Practica2.c,87 :: 		}
L_end_main:
0x0040	0x2840      	GOTO       $+0
; end of _main
Symbol List:
//** Routines locations **
//ADDRESS    SIZE    PROCEDURE
//----------------------------------------------
0x0003      [62]    _main
//** Variables locations ** 
//ADDRESS    SIZE    VARIABLE
//----------------------------------------------
0x0000       [1]    INDF
0x0003       [1]    STATUS
0x0004       [1]    FSR
0x0007       [1]    PORTC
0x000A       [1]    PCLATH
0x0020       [2]    ___DoICPAddr
0x0070       [1]    R0
0x0071       [1]    R1
0x0072       [1]    R2
0x0073       [1]    R3
0x0074       [1]    R4
0x0075       [1]    R5
0x0076       [1]    R6
0x0077       [1]    R7
0x0078       [1]    R8
0x0079       [1]    R9
0x007A       [1]    R10
0x007B       [1]    R11
0x007C       [1]    R12
0x007D       [1]    R13
0x007E       [1]    R14
0x007F       [1]    R15
0x0087       [1]    TRISC
